TN:
SF:src/app.ts
FN:20,(anonymous_1)
FNF:1
FNH:1
FNDA:1,(anonymous_1)
DA:7,1
DA:8,1
DA:9,1
DA:10,1
DA:11,1
DA:12,1
DA:13,1
DA:14,1
DA:16,1
DA:17,1
DA:20,1
DA:21,1
DA:22,1
DA:27,1
DA:31,1
DA:35,0
DA:37,0
DA:42,1
DA:43,1
DA:51,1
DA:54,1
DA:55,1
DA:56,1
DA:57,1
DA:58,1
DA:60,1
LF:26
LH:24
BRDA:28,0,0,1
BRDA:28,0,1,0
BRDA:35,1,0,0
BRDA:35,1,1,0
BRDA:45,2,0,1
BRDA:45,2,1,0
BRF:6
BRH:2
end_of_record
TN:
SF:src/index.ts
FN:10,(anonymous_1)
FNF:1
FNH:0
FNDA:0,(anonymous_1)
DA:7,0
DA:9,0
DA:10,0
DA:11,0
LF:4
LH:0
BRDA:9,0,0,0
BRDA:9,0,1,0
BRF:2
BRH:0
end_of_record
TN:
SF:src/config/supabaseClient.ts
FNF:0
FNH:0
DA:8,1
DA:9,1
DA:12,1
DA:15,1
DA:16,0
DA:18,1
DA:19,0
DA:25,1
LF:8
LH:6
BRDA:15,0,0,0
BRDA:15,0,1,1
BRDA:18,1,0,0
BRDA:18,1,1,1
BRF:4
BRH:2
end_of_record
TN:
SF:src/controllers/ClientController.ts
FN:12,(anonymous_1)
FNF:1
FNH:0
FNDA:0,(anonymous_1)
DA:2,1
DA:3,1
DA:4,1
DA:5,1
DA:7,1
DA:13,0
DA:14,0
DA:16,0
DA:19,0
DA:20,0
DA:23,0
DA:29,0
DA:32,0
DA:38,0
LF:14
LH:5
BRDA:16,0,0,0
BRDA:16,0,1,0
BRDA:16,1,0,0
BRDA:16,1,1,0
BRDA:29,2,0,0
BRDA:29,2,1,0
BRF:6
BRH:0
end_of_record
TN:
SF:src/controllers/Computation.ts
FN:10,(anonymous_0)
FN:97,(anonymous_1)
FN:102,(anonymous_2)
FN:157,(anonymous_3)
FNF:4
FNH:0
FNDA:0,(anonymous_0)
FNDA:0,(anonymous_1)
FNDA:0,(anonymous_2)
FNDA:0,(anonymous_3)
DA:2,1
DA:3,1
DA:4,1
DA:5,1
DA:6,1
DA:7,1
DA:9,1
DA:11,0
DA:19,0
DA:21,0
DA:22,0
DA:28,0
DA:29,0
DA:30,0
DA:36,0
DA:37,0
DA:38,0
DA:44,0
DA:49,0
DA:55,0
DA:81,0
DA:88,0
DA:91,0
DA:92,0
DA:94,0
DA:95,0
DA:97,0
DA:98,0
DA:102,0
DA:103,0
DA:107,0
DA:110,0
DA:111,0
DA:112,0
DA:119,0
DA:120,0
DA:121,0
DA:125,0
DA:127,0
DA:133,0
DA:134,0
DA:139,0
DA:149,0
DA:150,0
DA:158,0
DA:159,0
DA:161,0
DA:168,0
LF:48
LH:7
BRDA:15,0,0,0
BRDA:16,1,0,0
BRDA:17,2,0,0
BRDA:18,3,0,0
BRDA:21,4,0,0
BRDA:21,4,1,0
BRDA:21,5,0,0
BRDA:21,5,1,0
BRDA:29,6,0,0
BRDA:29,6,1,0
BRDA:29,7,0,0
BRDA:29,7,1,0
BRDA:37,8,0,0
BRDA:37,8,1,0
BRDA:37,9,0,0
BRDA:37,9,1,0
BRDA:50,10,0,0
BRDA:50,10,1,0
BRDA:88,11,0,0
BRDA:88,11,1,0
BRDA:95,12,0,0
BRDA:95,12,1,0
BRDA:95,13,0,0
BRDA:95,13,1,0
BRDA:103,14,0,0
BRDA:103,14,1,0
BRDA:119,15,0,0
BRDA:119,15,1,0
BRDA:133,16,0,0
BRDA:133,16,1,0
BRDA:152,17,0,0
BRDA:152,17,1,0
BRF:32
BRH:0
end_of_record
TN:
SF:src/controllers/ContentController.ts
FN:10,(anonymous_0)
FN:31,(anonymous_1)
FNF:2
FNH:0
FNDA:0,(anonymous_0)
FNDA:0,(anonymous_1)
DA:2,1
DA:5,1
DA:11,0
DA:12,0
DA:13,0
DA:14,0
DA:17,0
DA:19,0
DA:21,0
DA:23,0
DA:32,0
DA:33,0
DA:35,0
DA:36,0
DA:41,0
DA:43,0
DA:45,0
DA:47,0
LF:18
LH:2
BRDA:13,0,0,0
BRDA:13,0,1,0
BRDA:19,1,0,0
BRDA:19,1,1,0
BRDA:35,2,0,0
BRDA:35,2,1,0
BRDA:43,3,0,0
BRDA:43,3,1,0
BRDA:43,4,0,0
BRDA:43,4,1,0
BRF:10
BRH:0
end_of_record
TN:
SF:src/controllers/ProjectController.ts
FN:10,(anonymous_0)
FN:32,(anonymous_1)
FN:54,(anonymous_2)
FNF:3
FNH:0
FNDA:0,(anonymous_0)
FNDA:0,(anonymous_1)
FNDA:0,(anonymous_2)
DA:2,1
DA:5,1
DA:11,0
DA:12,0
DA:14,0
DA:15,0
DA:18,0
DA:20,0
DA:22,0
DA:24,0
DA:33,0
DA:34,0
DA:36,0
DA:37,0
DA:40,0
DA:42,0
DA:44,0
DA:46,0
DA:55,0
DA:56,0
DA:57,0
DA:59,0
DA:60,0
DA:63,0
DA:65,0
DA:67,0
DA:69,0
LF:27
LH:2
BRDA:14,0,0,0
BRDA:14,0,1,0
BRDA:14,1,0,0
BRDA:14,1,1,0
BRDA:20,2,0,0
BRDA:20,2,1,0
BRDA:20,3,0,0
BRDA:20,3,1,0
BRDA:36,4,0,0
BRDA:36,4,1,0
BRDA:42,5,0,0
BRDA:42,5,1,0
BRDA:59,6,0,0
BRDA:59,6,1,0
BRDA:65,7,0,0
BRDA:65,7,1,0
BRF:16
BRH:0
end_of_record
TN:
SF:src/controllers/ThemeController.ts
FN:9,(anonymous_0)
FN:31,(anonymous_1)
FNF:2
FNH:0
FNDA:0,(anonymous_0)
FNDA:0,(anonymous_1)
DA:2,1
DA:4,1
DA:10,0
DA:11,0
DA:13,0
DA:14,0
DA:17,0
DA:19,0
DA:21,0
DA:23,0
DA:32,0
DA:33,0
DA:35,0
DA:36,0
DA:39,0
DA:41,0
DA:43,0
DA:45,0
LF:18
LH:2
BRDA:13,0,0,0
BRDA:13,0,1,0
BRDA:13,1,0,0
BRDA:13,1,1,0
BRDA:19,2,0,0
BRDA:19,2,1,0
BRDA:19,3,0,0
BRDA:19,3,1,0
BRDA:35,4,0,0
BRDA:35,4,1,0
BRDA:41,5,0,0
BRDA:41,5,1,0
BRF:12
BRH:0
end_of_record
TN:
SF:src/controllers/UserController.ts
FN:10,(anonymous_0)
FN:32,(anonymous_1)
FN:60,(anonymous_2)
FNF:3
FNH:0
FNDA:0,(anonymous_0)
FNDA:0,(anonymous_1)
FNDA:0,(anonymous_2)
DA:2,1
DA:5,1
DA:11,0
DA:12,0
DA:14,0
DA:15,0
DA:18,0
DA:20,0
DA:22,0
DA:24,0
DA:33,0
DA:34,0
DA:35,0
DA:36,0
DA:39,0
DA:40,0
DA:41,0
DA:44,0
DA:46,0
DA:48,0
DA:50,0
DA:52,0
DA:61,0
DA:62,0
DA:63,0
DA:64,0
DA:67,0
DA:68,0
DA:70,0
DA:71,0
DA:74,0
DA:76,0
DA:78,0
DA:80,0
LF:34
LH:2
BRDA:14,0,0,0
BRDA:14,0,1,0
BRDA:20,1,0,0
BRDA:20,1,1,0
BRDA:35,2,0,0
BRDA:35,2,1,0
BRDA:40,3,0,0
BRDA:40,3,1,0
BRDA:40,4,0,0
BRDA:40,4,1,0
BRDA:48,5,0,0
BRDA:48,5,1,0
BRDA:48,6,0,0
BRDA:48,6,1,0
BRDA:63,7,0,0
BRDA:63,7,1,0
BRDA:70,8,0,0
BRDA:70,8,1,0
BRDA:76,9,0,0
BRDA:76,9,1,0
BRF:20
BRH:0
end_of_record
TN:
SF:src/middleware/auth.ts
FN:19,authMiddleware
FNF:1
FNH:0
FNDA:0,authMiddleware
DA:16,1
DA:17,1
DA:19,1
DA:24,0
DA:25,0
DA:26,0
DA:29,0
DA:31,0
DA:34,0
DA:42,0
DA:43,0
DA:47,0
DA:48,0
DA:49,0
DA:53,0
DA:56,0
DA:62,0
LF:17
LH:3
BRDA:25,0,0,0
BRDA:25,0,1,0
BRDA:42,1,0,0
BRDA:42,1,1,0
BRDA:42,2,0,0
BRDA:42,2,1,0
BRDA:48,3,0,0
BRDA:48,3,1,0
BRF:8
BRH:0
end_of_record
TN:
SF:src/models/ApiKeyModel.ts
FN:5,(anonymous_0)
FNF:1
FNH:0
FNDA:0,(anonymous_0)
DA:1,1
DA:4,1
DA:6,0
LF:3
LH:2
BRF:0
BRH:0
end_of_record
TN:
SF:src/models/ClientModel.ts
FN:5,(anonymous_0)
FNF:1
FNH:0
FNDA:0,(anonymous_0)
DA:1,1
DA:4,1
DA:6,0
LF:3
LH:2
BRF:0
BRH:0
end_of_record
TN:
SF:src/models/ContentModel.ts
FN:5,(anonymous_0)
FN:12,(anonymous_1)
FNF:2
FNH:0
FNDA:0,(anonymous_0)
FNDA:0,(anonymous_1)
DA:1,1
DA:4,1
DA:6,0
DA:13,0
LF:4
LH:2
BRF:0
BRH:0
end_of_record
TN:
SF:src/models/EmbeddingsModel.ts
FN:5,(anonymous_0)
FN:9,(anonymous_1)
FNF:2
FNH:0
FNDA:0,(anonymous_0)
FNDA:0,(anonymous_1)
DA:1,1
DA:4,1
DA:6,0
DA:10,0
LF:4
LH:2
BRF:0
BRH:0
end_of_record
TN:
SF:src/models/ProjectModel.ts
FN:5,(anonymous_0)
FN:9,(anonymous_1)
FN:13,(anonymous_2)
FN:17,(anonymous_3)
FNF:4
FNH:0
FNDA:0,(anonymous_0)
FNDA:0,(anonymous_1)
FNDA:0,(anonymous_2)
FNDA:0,(anonymous_3)
DA:1,1
DA:4,1
DA:6,0
DA:10,0
DA:14,0
DA:18,0
LF:6
LH:2
BRF:0
BRH:0
end_of_record
TN:
SF:src/models/ThemeModel.ts
FN:5,(anonymous_0)
FN:9,(anonymous_1)
FN:13,(anonymous_2)
FNF:3
FNH:0
FNDA:0,(anonymous_0)
FNDA:0,(anonymous_1)
FNDA:0,(anonymous_2)
DA:1,1
DA:4,1
DA:6,0
DA:10,0
DA:14,0
LF:5
LH:2
BRF:0
BRH:0
end_of_record
TN:
SF:src/models/UserModel.ts
FN:5,(anonymous_0)
FN:9,(anonymous_1)
FN:13,(anonymous_2)
FNF:3
FNH:0
FNDA:0,(anonymous_0)
FNDA:0,(anonymous_1)
FNDA:0,(anonymous_2)
DA:1,1
DA:4,1
DA:6,0
DA:10,0
DA:14,0
LF:5
LH:2
BRF:0
BRH:0
end_of_record
TN:
SF:src/routes/clientRoutes.ts
FNF:0
FNH:0
DA:8,1
DA:9,1
DA:11,1
DA:14,1
DA:16,1
LF:5
LH:5
BRF:0
BRH:0
end_of_record
TN:
SF:src/routes/computationRoutes.ts
FN:35,(anonymous_0)
FN:46,(anonymous_1)
FN:57,(anonymous_2)
FNF:3
FNH:0
FNDA:0,(anonymous_0)
FNDA:0,(anonymous_1)
FNDA:0,(anonymous_2)
DA:8,1
DA:9,1
DA:10,1
DA:12,1
DA:13,1
DA:30,1
DA:35,1
DA:40,0
DA:46,1
DA:51,0
DA:57,1
DA:59,0
DA:62,1
LF:13
LH:10
BRF:0
BRH:0
end_of_record
TN:
SF:src/routes/contentRoutes.ts
FNF:0
FNH:0
DA:8,1
DA:9,1
DA:10,1
DA:12,1
DA:14,1
DA:17,1
DA:20,1
DA:22,1
LF:8
LH:8
BRF:0
BRH:0
end_of_record
TN:
SF:src/routes/projectRoutes.ts
FNF:0
FNH:0
DA:8,1
DA:9,1
DA:10,1
DA:12,1
DA:14,1
DA:17,1
DA:20,1
DA:23,1
DA:25,1
LF:9
LH:9
BRF:0
BRH:0
end_of_record
TN:
SF:src/routes/themeRoutes.ts
FNF:0
FNH:0
DA:8,1
DA:9,1
DA:10,1
DA:12,1
DA:14,1
DA:17,1
DA:20,1
DA:22,1
LF:8
LH:8
BRF:0
BRH:0
end_of_record
TN:
SF:src/routes/userRoutes.ts
FNF:0
FNH:0
DA:8,1
DA:9,1
DA:10,1
DA:12,1
DA:14,1
DA:17,1
DA:20,1
DA:23,1
DA:25,1
LF:9
LH:9
BRF:0
BRH:0
end_of_record
TN:
SF:src/types/express.d.ts
FNF:0
FNH:0
LF:0
LH:0
BRF:0
BRH:0
end_of_record
TN:
SF:src/utils/index.ts
FN:9,generateApiKey
FNF:1
FNH:0
FNDA:0,generateApiKey
DA:7,1
DA:9,1
DA:10,0
DA:11,0
DA:12,0
LF:5
LH:2
BRF:0
BRH:0
end_of_record
